-------------------------------------------------------------------------------
Test set: kr.plee.pl.PlApplicationTests
-------------------------------------------------------------------------------
Tests run: 1, Failures: 0, Errors: 1, Skipped: 0, Time elapsed: 1.532 s <<< FAILURE! - in kr.plee.pl.PlApplicationTests
contextLoads  Time elapsed: 0.001 s  <<< ERROR!
java.lang.IllegalStateException: Failed to load ApplicationContext
Caused by: org.springframework.beans.factory.UnsatisfiedDependencyException: Error creating bean with name 'loginController': Unsatisfied dependency expressed through field 'userMDAO'; nested exception is org.springframework.beans.factory.UnsatisfiedDependencyException: Error creating bean with name 'userMDAO' defined in file [/Users/leesssom/Documents/dev/java/workspace/PL/target/classes/kr/plee/pl/user/service/dao/UserMDAO.class]: Unsatisfied dependency expressed through bean property 'sqlSessionFactory'; nested exception is org.springframework.beans.factory.BeanCreationException: Error creating bean with name 'sqlSessionFactory' defined in class path resource [org/mybatis/spring/boot/autoconfigure/MybatisAutoConfiguration.class]: Bean instantiation via factory method failed; nested exception is org.springframework.beans.BeanInstantiationException: Failed to instantiate [org.apache.ibatis.session.SqlSessionFactory]: Factory method 'sqlSessionFactory' threw exception; nested exception is org.springframework.core.NestedIOException: Failed to parse mapping resource: 'file [/Users/leesssom/Documents/dev/java/workspace/PL/target/classes/mapper/user/userMapper.xml]'; nested exception is org.apache.ibatis.builder.BuilderException: Error parsing Mapper XML. The XML location is 'file [/Users/leesssom/Documents/dev/java/workspace/PL/target/classes/mapper/user/userMapper.xml]'. Cause: org.apache.ibatis.builder.BuilderException: Error resolving class. Cause: org.apache.ibatis.type.TypeException: Could not resolve type alias 'user.service.dto.UserDTO'.  Cause: java.lang.ClassNotFoundException: Cannot find class: user.service.dto.UserDTO
Caused by: org.springframework.beans.factory.UnsatisfiedDependencyException: Error creating bean with name 'userMDAO' defined in file [/Users/leesssom/Documents/dev/java/workspace/PL/target/classes/kr/plee/pl/user/service/dao/UserMDAO.class]: Unsatisfied dependency expressed through bean property 'sqlSessionFactory'; nested exception is org.springframework.beans.factory.BeanCreationException: Error creating bean with name 'sqlSessionFactory' defined in class path resource [org/mybatis/spring/boot/autoconfigure/MybatisAutoConfiguration.class]: Bean instantiation via factory method failed; nested exception is org.springframework.beans.BeanInstantiationException: Failed to instantiate [org.apache.ibatis.session.SqlSessionFactory]: Factory method 'sqlSessionFactory' threw exception; nested exception is org.springframework.core.NestedIOException: Failed to parse mapping resource: 'file [/Users/leesssom/Documents/dev/java/workspace/PL/target/classes/mapper/user/userMapper.xml]'; nested exception is org.apache.ibatis.builder.BuilderException: Error parsing Mapper XML. The XML location is 'file [/Users/leesssom/Documents/dev/java/workspace/PL/target/classes/mapper/user/userMapper.xml]'. Cause: org.apache.ibatis.builder.BuilderException: Error resolving class. Cause: org.apache.ibatis.type.TypeException: Could not resolve type alias 'user.service.dto.UserDTO'.  Cause: java.lang.ClassNotFoundException: Cannot find class: user.service.dto.UserDTO
Caused by: org.springframework.beans.factory.BeanCreationException: Error creating bean with name 'sqlSessionFactory' defined in class path resource [org/mybatis/spring/boot/autoconfigure/MybatisAutoConfiguration.class]: Bean instantiation via factory method failed; nested exception is org.springframework.beans.BeanInstantiationException: Failed to instantiate [org.apache.ibatis.session.SqlSessionFactory]: Factory method 'sqlSessionFactory' threw exception; nested exception is org.springframework.core.NestedIOException: Failed to parse mapping resource: 'file [/Users/leesssom/Documents/dev/java/workspace/PL/target/classes/mapper/user/userMapper.xml]'; nested exception is org.apache.ibatis.builder.BuilderException: Error parsing Mapper XML. The XML location is 'file [/Users/leesssom/Documents/dev/java/workspace/PL/target/classes/mapper/user/userMapper.xml]'. Cause: org.apache.ibatis.builder.BuilderException: Error resolving class. Cause: org.apache.ibatis.type.TypeException: Could not resolve type alias 'user.service.dto.UserDTO'.  Cause: java.lang.ClassNotFoundException: Cannot find class: user.service.dto.UserDTO
Caused by: org.springframework.beans.BeanInstantiationException: Failed to instantiate [org.apache.ibatis.session.SqlSessionFactory]: Factory method 'sqlSessionFactory' threw exception; nested exception is org.springframework.core.NestedIOException: Failed to parse mapping resource: 'file [/Users/leesssom/Documents/dev/java/workspace/PL/target/classes/mapper/user/userMapper.xml]'; nested exception is org.apache.ibatis.builder.BuilderException: Error parsing Mapper XML. The XML location is 'file [/Users/leesssom/Documents/dev/java/workspace/PL/target/classes/mapper/user/userMapper.xml]'. Cause: org.apache.ibatis.builder.BuilderException: Error resolving class. Cause: org.apache.ibatis.type.TypeException: Could not resolve type alias 'user.service.dto.UserDTO'.  Cause: java.lang.ClassNotFoundException: Cannot find class: user.service.dto.UserDTO
Caused by: org.springframework.core.NestedIOException: Failed to parse mapping resource: 'file [/Users/leesssom/Documents/dev/java/workspace/PL/target/classes/mapper/user/userMapper.xml]'; nested exception is org.apache.ibatis.builder.BuilderException: Error parsing Mapper XML. The XML location is 'file [/Users/leesssom/Documents/dev/java/workspace/PL/target/classes/mapper/user/userMapper.xml]'. Cause: org.apache.ibatis.builder.BuilderException: Error resolving class. Cause: org.apache.ibatis.type.TypeException: Could not resolve type alias 'user.service.dto.UserDTO'.  Cause: java.lang.ClassNotFoundException: Cannot find class: user.service.dto.UserDTO
Caused by: org.apache.ibatis.builder.BuilderException: Error parsing Mapper XML. The XML location is 'file [/Users/leesssom/Documents/dev/java/workspace/PL/target/classes/mapper/user/userMapper.xml]'. Cause: org.apache.ibatis.builder.BuilderException: Error resolving class. Cause: org.apache.ibatis.type.TypeException: Could not resolve type alias 'user.service.dto.UserDTO'.  Cause: java.lang.ClassNotFoundException: Cannot find class: user.service.dto.UserDTO
Caused by: org.apache.ibatis.builder.BuilderException: Error resolving class. Cause: org.apache.ibatis.type.TypeException: Could not resolve type alias 'user.service.dto.UserDTO'.  Cause: java.lang.ClassNotFoundException: Cannot find class: user.service.dto.UserDTO
Caused by: org.apache.ibatis.type.TypeException: Could not resolve type alias 'user.service.dto.UserDTO'.  Cause: java.lang.ClassNotFoundException: Cannot find class: user.service.dto.UserDTO
Caused by: java.lang.ClassNotFoundException: Cannot find class: user.service.dto.UserDTO

